  ANDROID_HOME=C:\\Microsoft\AndroidSDK\25
  ANT_HOME=C:\Program Files\Microsoft Visual Studio\2022\Community\Apps\apache-ant-1.9.3
  JAVA_HOME=C:\Program Files\Android\jdk\jdk-8.0.302.8-hotspot\jdk8u302-b08
  NDK_ROOT=C:\archive\android-ndk-r23b
  cairoint.c
cairoint.c(6,10): fatal error : 'cairo/cairoint.h' file not found
  #include <cairo/cairoint.h>
           ^~~~~~~~~~~~~~~~~~
  1 error generated.
  cairo-bentley-ottmann-rectangular.c
  cairo-base85-stream.c
src\cairo-bentley-ottmann-rectangular.c(39,10): fatal error : 'cairo/cairoint.h' file not found
  #include <cairo/cairoint.h>
           ^~~~~~~~~~~~~~~~~~
  1 error generated.
src\cairo-base85-stream.c(37,10): fatal error : 'cairo/cairoint.h' file not found
  #include <cairo/cairoint.h>
           ^~~~~~~~~~~~~~~~~~
  1 error generated.
  cairo-analysis-surface.c
src\cairo-analysis-surface.c(37,10): fatal error : 'cairo/cairoint.h' file not found
  #include <cairo/cairoint.h>
           ^~~~~~~~~~~~~~~~~~
  1 error generated.
  cairo-arc.c
src\cairo-arc.c(37,10): fatal error : 'cairo/cairoint.h' file not found
  #include <cairo/cairoint.h>
           ^~~~~~~~~~~~~~~~~~
  1 error generated.
  cairo-array.c
  cairo-atomic.c
  cairo-base64-stream.c
src\cairo-array.c(39,10): fatal error : 'cairo/cairoint.h' file not found
  #include <cairo/cairoint.h>
           ^~~~~~~~~~~~~~~~~~
  1 error generated.
src\cairo-atomic.c(34,10): fatal error : 'cairo/cairoint.h' file not found
  #include <cairo/cairoint.h>
           ^~~~~~~~~~~~~~~~~~
  1 error generated.
src\cairo-base64-stream.c(39,10): fatal error : 'cairo/cairoint.h' file not found
  #include <cairo/cairoint.h>
           ^~~~~~~~~~~~~~~~~~
  1 error generated.
